  [1m[35mSQL (1.6ms)[0m  [1m[35mSET search_path TO public /*application='Orbit'*/[0m
  [1m[35m (475.4ms)[0m  [1m[35mCREATE DATABASE "orbit_development" ENCODING = 'unicode' /*application='Orbit'*/[0m
  [1m[35mSQL (1.6ms)[0m  [1m[35mSET search_path TO public /*application='Orbit'*/[0m
  [1m[35m (135.4ms)[0m  [1m[35mCREATE DATABASE "orbit_test" ENCODING = 'unicode' /*application='Orbit'*/[0m
  [1m[35m (42.8ms)[0m  [1m[35mCREATE TABLE "schema_migrations" ("version" character varying NOT NULL PRIMARY KEY) /*application='Orbit'*/[0m
  [1m[35m (6.0ms)[0m  [1m[35mCREATE TABLE "ar_internal_metadata" ("key" character varying NOT NULL PRIMARY KEY, "value" character varying, "created_at" timestamp(6) NOT NULL, "updated_at" timestamp(6) NOT NULL) /*application='Orbit'*/[0m
  [1m[35m (0.7ms)[0m  [1m[34mSELECT pg_try_advisory_lock(3981122962409699190) /*application='Orbit'*/[0m
  [1m[36mActiveRecord::SchemaMigration Load (5.2ms)[0m  [1m[34mSELECT "schema_migrations"."version" FROM "schema_migrations" ORDER BY "schema_migrations"."version" ASC /*application='Orbit'*/[0m
  [1m[36mActiveRecord::InternalMetadata Load (8.3ms)[0m  [1m[34mSELECT * FROM "ar_internal_metadata" WHERE "ar_internal_metadata"."key" = 'environment' ORDER BY "ar_internal_metadata"."key" ASC LIMIT 1 /*application='Orbit'*/[0m
  [1m[36mActiveRecord::InternalMetadata Create (22.0ms)[0m  [1m[32mINSERT INTO "ar_internal_metadata" ("key", "value", "created_at", "updated_at") VALUES ('environment', 'development', '2026-03-28 13:41:47.260915', '2026-03-28 13:41:47.260919') RETURNING "key" /*application='Orbit'*/[0m
  [1m[35m (3.4ms)[0m  [1m[34mSELECT pg_advisory_unlock(3981122962409699190) /*application='Orbit'*/[0m
  [1m[36mActiveRecord::SchemaMigration Load (0.2ms)[0m  [1m[34mSELECT "schema_migrations"."version" FROM "schema_migrations" ORDER BY "schema_migrations"."version" ASC /*application='Orbit'*/[0m
  [1m[35mSQL (0.6ms)[0m  [1m[35mSET search_path TO public /*application='Orbit'*/[0m
  [1m[35mSQL (0.8ms)[0m  [1m[35mSET search_path TO "$user", public /*application='Orbit'*/[0m
  [1m[35mSQL (0.2ms)[0m  [1m[35mSET search_path TO public /*application='Orbit'*/[0m
  [1m[35mSQL (0.1ms)[0m  [1m[35mSET search_path TO "$user", public /*application='Orbit'*/[0m
Started GET "/" for ::1 at 2026-03-28 16:42:23 +0300
  [1m[36mActiveRecord::SchemaMigration Load (2.7ms)[0m  [1m[34mSELECT "schema_migrations"."version" FROM "schema_migrations" ORDER BY "schema_migrations"."version" ASC /*application='Orbit'*/[0m
Processing by Rails::WelcomeController#index as */*
  Rendering /Users/Snblack/.rvm/rubies/ruby-2.7.0/lib/ruby/gems/2.7.0/gems/railties-8.1.3/lib/rails/templates/rails/welcome/index.html.erb
  Rendered /Users/Snblack/.rvm/rubies/ruby-2.7.0/lib/ruby/gems/2.7.0/gems/railties-8.1.3/lib/rails/templates/rails/welcome/index.html.erb (Duration: 0.8ms | GC: 0.0ms)
Completed 200 OK in 26ms (Views: 7.2ms | ActiveRecord: 0.0ms (0 queries, 0 cached) | GC: 0.0ms)


